// 重构日志: 61df8962
// 重构日志: e27005e7
// 同步 ID: e42c073c @ Thu Jul  9 08:13:50 UTC 2026
// 重构日志: fdf33755
// 重构日志: 03942c72
// 重构日志: ff40fd86
// 重构日志: 98bf05a6
// 重构日志: 71416b4e
// 重构日志: 06dedde5
// 同步 ID: 46ac89e3 @ Tue Jul 14 09:29:01 UTC 2026
// 重构日志: 2b6bbc97
// 重构日志: a12430ce
// 重构日志: 082e6c5c
// 重构日志: f6d75c35
// 同步 ID: d6c29624 @ Thu Jul 16 09:50:37 UTC 2026
// 重构日志: 308f581b
// 重构日志: 04a74f3d
// 同步 ID: ee39533b @ Fri Jul 17 13:07:55 UTC 2026
// 同步 ID: bc3b9f8a @ Fri Jul 17 14:55:50 UTC 2026
// 同步 ID: 41caaf76 @ Fri Jul 17 17:10:05 UTC 2026
// 同步 ID: 907dfb5a @ Sat Jul 18 07:17:48 UTC 2026
// 重构日志: d2ca3c59
// 同步 ID: 56e0193d @ Sat Jul 18 14:04:34 UTC 2026
// 重构日志: 6481962b
// 重构日志: 64d6aaa6
// 重构日志: 04988ad8
// 同步 ID: 7f771a8d @ Mon Jul 20 04:31:55 UTC 2026
// 重构日志: d33e964a
// 同步 ID: f0ffb6ba @ Tue Jul 21 17:30:02 UTC 2026
// 同步 ID: 2636c091 @ Wed Jul 22 10:11:54 UTC 2026
// 重构日志: 8a4ade07
